This file contains any messages produced by compilers while
running configure, to aid debugging if configure makes a mistake.

It was created by sphinx configure 0.9.9, which was
generated by GNU Autoconf 2.61.  Invocation command line was

  $ ./configure --with-mysql --prefix=/home/caloni3/public_html/blog/wp-content/uploads/sphinx

## --------- ##
## Platform. ##
## --------- ##

hostname = server211.serverquality.com
uname -m = x86_64
uname -r = 2.6.32-458.23.2.lve1.2.45.el6.x86_64
uname -s = Linux
uname -v = #1 SMP Fri Nov 22 08:02:49 EST 2013

/usr/bin/uname -p = unknown
/bin/uname -X     = unknown

/bin/arch              = x86_64
/usr/bin/arch -k       = unknown
/usr/convex/getsysinfo = unknown
/usr/bin/hostinfo      = unknown
/bin/machine           = unknown
/usr/bin/oslevel       = unknown
/bin/universe          = unknown

PATH: /bin
PATH: /usr/bin


## ----------- ##
## Core tests. ##
## ----------- ##

configure:1778: result: 
configure:1780: result: checking build environment
configure:1783: result: --------------------------
configure:1785: result: 
configure:1835: checking for a BSD-compatible install
configure:1891: result: /usr/bin/install -c
configure:1902: checking whether build environment is sane
configure:1945: result: yes
configure:1973: checking for a thread-safe mkdir -p
configure:2012: result: /bin/mkdir -p
configure:2025: checking for gawk
configure:2041: found /bin/gawk
configure:2052: result: gawk
configure:2063: checking whether make sets $(MAKE)
configure:2084: result: yes
configure:2272: checking whether to enable maintainer-specific portions of Makefiles
configure:2281: result: no
configure:2304: result: 
configure:2306: result: checking for compiler programs
configure:2309: result: ------------------------------
configure:2311: result: 
configure:2325: checking whether to compile debug version
configure:2335: result: no
configure:2399: checking for gcc
configure:2429: result: no
configure:2496: checking for cc
configure:2543: result: no
configure:2599: checking for cl.exe
configure:2629: result: no
configure:2658: error: no acceptable C compiler found in $PATH
See `config.log' for more details.

## ---------------- ##
## Cache variables. ##
## ---------------- ##

ac_cv_env_CCC_set=
ac_cv_env_CCC_value=
ac_cv_env_CC_set=
ac_cv_env_CC_value=
ac_cv_env_CFLAGS_set=
ac_cv_env_CFLAGS_value=
ac_cv_env_CPPFLAGS_set=
ac_cv_env_CPPFLAGS_value=
ac_cv_env_CPP_set=
ac_cv_env_CPP_value=
ac_cv_env_CXXFLAGS_set=
ac_cv_env_CXXFLAGS_value=
ac_cv_env_CXX_set=
ac_cv_env_CXX_value=
ac_cv_env_LDFLAGS_set=
ac_cv_env_LDFLAGS_value=
ac_cv_env_LIBS_set=
ac_cv_env_LIBS_value=
ac_cv_env_build_alias_set=
ac_cv_env_build_alias_value=
ac_cv_env_host_alias_set=
ac_cv_env_host_alias_value=
ac_cv_env_target_alias_set=
ac_cv_env_target_alias_value=
ac_cv_path_install='/usr/bin/install -c'
ac_cv_path_mkdir=/bin/mkdir
ac_cv_prog_AWK=gawk
ac_cv_prog_make_make_set=yes
ac_cv_use_debug=no

## ----------------- ##
## Output variables. ##
## ----------------- ##

ACLOCAL='${SHELL} /home/caloni3/public_html/blog/wp-content/uploads/sphinx/sphinx-0.9.9/config/missing --run aclocal-1.10'
AMDEPBACKSLASH=''
AMDEP_FALSE=''
AMDEP_TRUE=''
AMTAR='${SHELL} /home/caloni3/public_html/blog/wp-content/uploads/sphinx/sphinx-0.9.9/config/missing --run tar'
AUTOCONF='${SHELL} /home/caloni3/public_html/blog/wp-content/uploads/sphinx/sphinx-0.9.9/config/missing --run autoconf'
AUTOHEADER='${SHELL} /home/caloni3/public_html/blog/wp-content/uploads/sphinx/sphinx-0.9.9/config/missing --run autoheader'
AUTOMAKE='${SHELL} /home/caloni3/public_html/blog/wp-content/uploads/sphinx/sphinx-0.9.9/config/missing --run automake-1.10'
AWK='gawk'
CC=''
CCDEPMODE=''
CFLAGS='-Wall -g -D_FILE_OFFSET_BITS=64 -O3 -DNDEBUG'
CONFDIR=''
CPP=''
CPPFLAGS=' -I/usr/local/include'
CXX=''
CXXDEPMODE=''
CXXFLAGS='-Wall -g -D_FILE_OFFSET_BITS=64 -O3 -DNDEBUG'
CYGPATH_W='echo'
DEFS=''
DEPDIR=''
ECHO_C=''
ECHO_N='-n'
ECHO_T=''
EGREP=''
EXEEXT=''
GREP=''
INSTALL_DATA='${INSTALL} -m 644'
INSTALL_PROGRAM='${INSTALL}'
INSTALL_SCRIPT='${INSTALL}'
INSTALL_STRIP_PROGRAM='$(install_sh) -c -s'
LDFLAGS=''
LIBOBJS=''
LIBRT=''
LIBS=' -L/usr/local/lib'
LTLIBOBJS=''
MAINT='#'
MAINTAINER_MODE_FALSE=''
MAINTAINER_MODE_TRUE='#'
MAKEINFO='${SHELL} /home/caloni3/public_html/blog/wp-content/uploads/sphinx/sphinx-0.9.9/config/missing --run makeinfo'
MYSQL_CFLAGS=''
MYSQL_LIBS=''
OBJEXT=''
PACKAGE='sphinx'
PACKAGE_BUGREPORT='shodan(at)shodan.ru'
PACKAGE_NAME='sphinx'
PACKAGE_STRING='sphinx 0.9.9'
PACKAGE_TARNAME='sphinx'
PACKAGE_VERSION='0.9.9'
PATH_SEPARATOR=':'
PGSQL_CFLAGS=''
PGSQL_LIBS=''
RANLIB=''
SET_MAKE=''
SHELL='/bin/sh'
STRIP=''
USE_LIBSTEMMER_FALSE=''
USE_LIBSTEMMER_TRUE=''
USE_MYSQL_FALSE=''
USE_MYSQL_TRUE=''
USE_PGSQL_FALSE=''
USE_PGSQL_TRUE=''
VERSION='0.9.9'
ac_ct_CC=''
ac_ct_CXX=''
am__fastdepCC_FALSE=''
am__fastdepCC_TRUE=''
am__fastdepCXX_FALSE=''
am__fastdepCXX_TRUE=''
am__include=''
am__isrc=''
am__leading_dot='.'
am__quote=''
am__tar='${AMTAR} chof - "$$tardir"'
am__untar='${AMTAR} xf -'
bindir='${exec_prefix}/bin'
build_alias=''
datadir='${datarootdir}'
datarootdir='${prefix}/share'
docdir='${datarootdir}/doc/${PACKAGE_TARNAME}'
dvidir='${docdir}'
exec_prefix='NONE'
host_alias=''
htmldir='${docdir}'
includedir='${prefix}/include'
infodir='${datarootdir}/info'
install_sh='$(SHELL) /home/caloni3/public_html/blog/wp-content/uploads/sphinx/sphinx-0.9.9/config/install-sh'
libdir='${exec_prefix}/lib'
libexecdir='${exec_prefix}/libexec'
localedir='${datarootdir}/locale'
localstatedir='${prefix}/var'
mandir='${datarootdir}/man'
mkdir_p='/bin/mkdir -p'
oldincludedir='/usr/include'
pdfdir='${docdir}'
pgconfig=''
prefix='/home/caloni3/public_html/blog/wp-content/uploads/sphinx'
program_transform_name='s,x,x,'
psdir='${docdir}'
sbindir='${exec_prefix}/sbin'
sharedstatedir='${prefix}/com'
sysconfdir='${prefix}/etc'
target_alias=''

## ----------- ##
## confdefs.h. ##
## ----------- ##

#define PACKAGE_NAME "sphinx"
#define PACKAGE_TARNAME "sphinx"
#define PACKAGE_VERSION "0.9.9"
#define PACKAGE_STRING "sphinx 0.9.9"
#define PACKAGE_BUGREPORT "shodan(at)shodan.ru"
#define PACKAGE "sphinx"
#define VERSION "0.9.9"

configure: exit 1
