Case #1: 4 0
Case #2: 10 10
Case #3: 0 0
Case #4: 9 9
Case #5: 6 2
Case #6: 9 3
Case #7: 0 0
Case #8: 7 1
Case #9: 9 3
Case #10: 4 4
Case #11: 0 0
Case #12: 9 2
Case #13: 7 2
Case #14: 0 0
Case #15: 3 3
Case #16: 0 0
Case #17: 10 10
Case #18: 9 3
Case #19: 5 2
Case #20: 3 0
Case #21: 7 1
Case #22: 5 1
Case #23: 6 4
Case #24: 7 1
Case #25: 5 2
Case #26: 0 0
Case #27: 4 0
Case #28: 5 1
Case #29: 10 10
Case #30: 10 10
Case #31: 3 1
Case #32: 7 0
Case #33: 9 3
Case #34: 0 0
Case #35: 9 9
Case #36: 0 0
Case #37: 9 3
Case #38: 6 1
Case #39: 8 2
Case #40: 9 4
Case #41: 10 10
Case #42: 5 2
Case #43: 1 1
Case #44: 9 3
Case #45: 1 1
Case #46: 9 2
Case #47: 9 2
Case #48: 6 0
Case #49: 9 4
Case #50: 8 1
